<?xml version="1.0" encoding="UTF-8"?>
<!-- Generated by org.testng.reporters.JUnitXMLReporter -->
<testsuite ignored="0" hostname="Pankajs-MacBook-Air.local" failures="1" tests="11" name="Default test" time="270.738" errors="0" timestamp="2024-05-04T07:43:17 IST">
  <testcase classname="smokeTests.SmokeTest_Trivago" name="loginCheckTestTrivago" time="5.685"/>
  <testcase classname="base.BaseTestParallel" name="ChromeTest" time="111.243"/>
  <testcase classname="base.BaseTestParallel" name="FirefoxTest" time="20.92"/>
  <testcase classname="smokeTests.SmokeTest_MMT" name="loginCheckTestMMT" time="27.245"/>
  <testcase classname="testCase.AnnotationDemo_TestNG" name="tCase1" time="0.008"/>
  <testcase classname="testCase.AnnotationDemo_TestNG" name="testCase1" time="0.016"/>
  <testcase classname="testCase.KayakTestingDataDriven" name="kayakTest" time="13.679"/>
  <testcase classname="testCase.KayakTestingDataDriven" name="kayakTest" time="7.767"/>
  <testcase classname="testCase.KayakTestingDataDriven" name="kayakTest" time="8.048"/>
  <testcase classname="smokeTests.SmokeTest_Kayak" name="loginCheckTestKayak" time="22.564"/>
  <testcase classname="smokeTests.SmokeTest_EaseMyTrip" name="loginCheckTestEMT" time="7.973">
    <failure type="java.lang.AssertionError" message="Title asertion check expected [Book Flights, Hotels, Holidays, Bus &amp;amp; Train Tickets - EaseMyTrip.com] but found [Book Flights, Hotels, Holidays, Bus &amp;amp; Train Tickets - EaseMyTrip.com***]">
      <![CDATA[java.lang.AssertionError: Title asertion check expected [Book Flights, Hotels, Holidays, Bus & Train Tickets - EaseMyTrip.com] but found [Book Flights, Hotels, Holidays, Bus & Train Tickets - EaseMyTrip.com***]
at org.testng.Assert.fail(Assert.java:99)
at org.testng.Assert.failNotEquals(Assert.java:1037)
at org.testng.Assert.assertEqualsImpl(Assert.java:140)
at org.testng.Assert.assertEquals(Assert.java:122)
at org.testng.Assert.assertEquals(Assert.java:629)
at smokeTests.SmokeTest_EaseMyTrip.loginCheckTestEMT(SmokeTest_EaseMyTrip.java:29)
at java.base/jdk.internal.reflect.DirectMethodHandleAccessor.invoke(DirectMethodHandleAccessor.java:103)
at java.base/java.lang.reflect.Method.invoke(Method.java:580)
at org.testng.internal.MethodInvocationHelper.invokeMethod(MethodInvocationHelper.java:133)
at org.testng.internal.TestInvoker.invokeMethod(TestInvoker.java:598)
at org.testng.internal.TestInvoker.invokeTestMethod(TestInvoker.java:173)
at org.testng.internal.MethodRunner.runInSequence(MethodRunner.java:46)
at org.testng.internal.TestInvoker$MethodInvocationAgent.invoke(TestInvoker.java:824)
at org.testng.internal.TestInvoker.invokeTestMethods(TestInvoker.java:146)
at org.testng.internal.TestMethodWorker.invokeTestMethods(TestMethodWorker.java:146)
at org.testng.internal.TestMethodWorker.run(TestMethodWorker.java:128)
at java.base/java.util.ArrayList.forEach(ArrayList.java:1597)
at org.testng.TestRunner.privateRun(TestRunner.java:794)
at org.testng.TestRunner.run(TestRunner.java:596)
at org.testng.SuiteRunner.runTest(SuiteRunner.java:377)
at org.testng.SuiteRunner.runSequentially(SuiteRunner.java:371)
at org.testng.SuiteRunner.privateRun(SuiteRunner.java:332)
at org.testng.SuiteRunner.run(SuiteRunner.java:276)
at org.testng.SuiteRunnerWorker.runSuite(SuiteRunnerWorker.java:53)
at org.testng.SuiteRunnerWorker.run(SuiteRunnerWorker.java:96)
at org.testng.TestNG.runSuitesSequentially(TestNG.java:1212)
at org.testng.TestNG.runSuitesLocally(TestNG.java:1134)
at org.testng.TestNG.runSuites(TestNG.java:1063)
at org.testng.TestNG.run(TestNG.java:1031)
at org.testng.remote.AbstractRemoteTestNG.run(AbstractRemoteTestNG.java:115)
at org.testng.remote.RemoteTestNG.initAndRun(RemoteTestNG.java:293)
at org.testng.remote.RemoteTestNG.main(RemoteTestNG.java:91)
]]>
    </failure>
  </testcase> <!-- loginCheckTestEMT -->
</testsuite> <!-- Default test -->
