<?xml version="1.0" encoding="UTF-8"?>
<!-- Generated by org.testng.reporters.JUnitXMLReporter -->
<testsuite hostname="Pankajs-MacBook-Air.local" ignored="0" name="test" tests="3" failures="0" timestamp="2022-09-05T12:24:09 IST" time="60.881" errors="0">
  <testcase name="kayakTest" time="7.113" classname="testCase.KayakTestingDataDriven"/>
  <testcase name="kayakTest" time="9.908" classname="testCase.KayakTestingDataDriven"/>
  <testcase name="kayakTest" time="9.531" classname="testCase.KayakTestingDataDriven"/>
</testsuite> <!-- test -->
