<?xml version="1.0" encoding="UTF-8"?>
<!-- Generated by org.testng.reporters.JUnitXMLReporter -->
<testsuite ignored="0" hostname="Pankajs-MacBook-Air.local" failures="0" tests="4" name="Functional Test" time="46.149" errors="0" timestamp="2024-04-27T16:48:10 IST">
  <testcase classname="testCase.KayakTestingDataDriven" name="kayakTest" time="6.676"/>
  <testcase classname="testCase.KayakTestingDataDriven" name="kayakTest" time="6.801"/>
  <testcase classname="testCase.KayakTestingDataDriven" name="kayakTest" time="6.104"/>
  <testcase classname="testCase.AnnotationDemo_TestNG" name="testCase1" time="0.001"/>
</testsuite> <!-- Functional Test -->
