<?xml version="1.0" encoding="UTF-8"?>
<!-- Generated by org.testng.reporters.JUnitXMLReporter -->
<testsuite ignored="0" hostname="Pankajs-MacBook-Air.local" failures="4" tests="16" name="Smoke Test" time="0.172" errors="0" timestamp="2024-04-27T16:47:23 IST">
  <testcase classname="smokeTests.SmokeTest_EaseMyTrip" name="loginCheckTestEMT" time="0.016">
    <skipped/>
  </testcase> <!-- loginCheckTestEMT -->
  <testcase classname="smokeTests.SmokeTest_EaseMyTrip" name="loginCheckTestEMT" time="0.002">
    <skipped/>
  </testcase> <!-- loginCheckTestEMT -->
  <testcase classname="smokeTests.SmokeTest_EaseMyTrip" name="loginCheckTestEMT" time="0.002">
    <skipped/>
  </testcase> <!-- loginCheckTestEMT -->
  <testcase classname="smokeTests.SmokeTest_EaseMyTrip" name="loginCheckTestEMT" time="0.002">
    <failure type="java.lang.NullPointerException" message="Cannot invoke &amp;quot;org.openqa.selenium.WebDriver.get(String)&amp;quot; because &amp;quot;smokeTests.SmokeTest_EaseMyTrip.driver&amp;quot; is null">
      <![CDATA[java.lang.NullPointerException: Cannot invoke "org.openqa.selenium.WebDriver.get(String)" because "smokeTests.SmokeTest_EaseMyTrip.driver" is null
at smokeTests.SmokeTest_EaseMyTrip.loginCheckTestEMT(SmokeTest_EaseMyTrip.java:20)
at java.base/java.util.ArrayList.forEach(ArrayList.java:1597)
... Removed 25 stack frames]]>
    </failure>
  </testcase> <!-- loginCheckTestEMT -->
  <testcase classname="smokeTests.SmokeTest_Kayak" name="loginCheckTestKayak" time="0.003">
    <skipped/>
  </testcase> <!-- loginCheckTestKayak -->
  <testcase classname="smokeTests.SmokeTest_Kayak" name="loginCheckTestKayak" time="0.002">
    <skipped/>
  </testcase> <!-- loginCheckTestKayak -->
  <testcase classname="smokeTests.SmokeTest_Kayak" name="loginCheckTestKayak" time="0.002">
    <skipped/>
  </testcase> <!-- loginCheckTestKayak -->
  <testcase classname="smokeTests.SmokeTest_Kayak" name="loginCheckTestKayak" time="0.002">
    <failure type="java.lang.NullPointerException" message="Cannot invoke &amp;quot;org.openqa.selenium.WebDriver.get(String)&amp;quot; because &amp;quot;smokeTests.SmokeTest_Kayak.driver&amp;quot; is null">
      <![CDATA[java.lang.NullPointerException: Cannot invoke "org.openqa.selenium.WebDriver.get(String)" because "smokeTests.SmokeTest_Kayak.driver" is null
at smokeTests.SmokeTest_Kayak.loginCheckTestKayak(SmokeTest_Kayak.java:19)
at java.base/java.util.ArrayList.forEach(ArrayList.java:1597)
... Removed 25 stack frames]]>
    </failure>
  </testcase> <!-- loginCheckTestKayak -->
  <testcase classname="smokeTests.SmokeTest_MMT" name="loginCheckTestMMT" time="0.001">
    <skipped/>
  </testcase> <!-- loginCheckTestMMT -->
  <testcase classname="smokeTests.SmokeTest_MMT" name="loginCheckTestMMT" time="0.002">
    <skipped/>
  </testcase> <!-- loginCheckTestMMT -->
  <testcase classname="smokeTests.SmokeTest_MMT" name="loginCheckTestMMT" time="0.002">
    <skipped/>
  </testcase> <!-- loginCheckTestMMT -->
  <testcase classname="smokeTests.SmokeTest_MMT" name="loginCheckTestMMT" time="0.001">
    <failure type="java.lang.NullPointerException" message="Cannot invoke &amp;quot;org.openqa.selenium.WebDriver.get(String)&amp;quot; because &amp;quot;smokeTests.SmokeTest_MMT.driver&amp;quot; is null">
      <![CDATA[java.lang.NullPointerException: Cannot invoke "org.openqa.selenium.WebDriver.get(String)" because "smokeTests.SmokeTest_MMT.driver" is null
at smokeTests.SmokeTest_MMT.loginCheckTestMMT(SmokeTest_MMT.java:19)
at java.base/java.util.ArrayList.forEach(ArrayList.java:1597)
... Removed 25 stack frames]]>
    </failure>
  </testcase> <!-- loginCheckTestMMT -->
  <testcase classname="smokeTests.SmokeTest_Trivago" name="loginCheckTestTrivago" time="0.002">
    <skipped/>
  </testcase> <!-- loginCheckTestTrivago -->
  <testcase classname="smokeTests.SmokeTest_Trivago" name="loginCheckTestTrivago" time="0.002">
    <skipped/>
  </testcase> <!-- loginCheckTestTrivago -->
  <testcase classname="smokeTests.SmokeTest_Trivago" name="loginCheckTestTrivago" time="0.002">
    <skipped/>
  </testcase> <!-- loginCheckTestTrivago -->
  <testcase classname="smokeTests.SmokeTest_Trivago" name="loginCheckTestTrivago" time="0.002">
    <failure type="java.lang.NullPointerException" message="Cannot invoke &amp;quot;org.openqa.selenium.WebDriver.get(String)&amp;quot; because &amp;quot;smokeTests.SmokeTest_Trivago.driver&amp;quot; is null">
      <![CDATA[java.lang.NullPointerException: Cannot invoke "org.openqa.selenium.WebDriver.get(String)" because "smokeTests.SmokeTest_Trivago.driver" is null
at smokeTests.SmokeTest_Trivago.loginCheckTestTrivago(SmokeTest_Trivago.java:19)
at java.base/java.util.ArrayList.forEach(ArrayList.java:1597)
... Removed 25 stack frames]]>
    </failure>
  </testcase> <!-- loginCheckTestTrivago -->
</testsuite> <!-- Smoke Test -->
