<?xml version="1.0" encoding="UTF-8"?>
<testng-results ignored="0" total="4" passed="4" failed="0" skipped="0">
  <reporter-output>
  </reporter-output>
  <suite started-at="2024-04-27T13:11:09 IST" name="Functional Test Suite" finished-at="2024-04-27T13:12:17 IST" duration-ms="68190">
    <groups>
    </groups>
    <test started-at="2024-04-27T13:11:09 IST" name="Functional Test" finished-at="2024-04-27T13:12:17 IST" duration-ms="68190">
      <class name="testCase.KayakTestingDataDriven">
        <test-method is-config="true" signature="setUp()[pri:0, instance:testCase.KayakTestingDataDriven@6107227e]" started-at="2024-04-27T13:11:11 IST" name="setUp" finished-at="2024-04-27T13:11:27 IST" duration-ms="15426" status="PASS">
          <reporter-output>
          </reporter-output>
        </test-method> <!-- setUp -->
        <test-method signature="kayakTest(java.lang.String,java.lang.String,java.lang.String)[pri:0, instance:testCase.KayakTestingDataDriven@6107227e]" started-at="2024-04-27T13:11:27 IST" name="kayakTest" data-provider="fnTestData" finished-at="2024-04-27T13:11:45 IST" duration-ms="18463" status="PASS">
          <params>
            <param index="0">
              <value>
                <![CDATA[Dehradun]]>
              </value>
            </param>
            <param index="1">
              <value>
                <![CDATA[28 October, 2022]]>
              </value>
            </param>
            <param index="2">
              <value>
                <![CDATA[30 October, 2022]]>
              </value>
            </param>
          </params>
          <reporter-output>
          </reporter-output>
        </test-method> <!-- kayakTest -->
        <test-method is-config="true" signature="tearDown()[pri:0, instance:testCase.KayakTestingDataDriven@6107227e]" started-at="2024-04-27T13:11:45 IST" name="tearDown" finished-at="2024-04-27T13:11:46 IST" duration-ms="567" status="PASS">
          <reporter-output>
          </reporter-output>
        </test-method> <!-- tearDown -->
        <test-method is-config="true" signature="setUp()[pri:0, instance:testCase.KayakTestingDataDriven@6107227e]" started-at="2024-04-27T13:11:46 IST" name="setUp" finished-at="2024-04-27T13:11:53 IST" duration-ms="7269" status="PASS">
          <reporter-output>
          </reporter-output>
        </test-method> <!-- setUp -->
        <test-method signature="kayakTest(java.lang.String,java.lang.String,java.lang.String)[pri:0, instance:testCase.KayakTestingDataDriven@6107227e]" started-at="2024-04-27T13:11:53 IST" name="kayakTest" data-provider="fnTestData" finished-at="2024-04-27T13:12:06 IST" duration-ms="12690" status="PASS">
          <params>
            <param index="0">
              <value>
                <![CDATA[Mumbai]]>
              </value>
            </param>
            <param index="1">
              <value>
                <![CDATA[20 October, 2022]]>
              </value>
            </param>
            <param index="2">
              <value>
                <![CDATA[25 October, 2022]]>
              </value>
            </param>
          </params>
          <reporter-output>
          </reporter-output>
        </test-method> <!-- kayakTest -->
        <test-method is-config="true" signature="tearDown()[pri:0, instance:testCase.KayakTestingDataDriven@6107227e]" started-at="2024-04-27T13:12:06 IST" name="tearDown" finished-at="2024-04-27T13:12:07 IST" duration-ms="893" status="PASS">
          <reporter-output>
          </reporter-output>
        </test-method> <!-- tearDown -->
        <test-method is-config="true" signature="setUp()[pri:0, instance:testCase.KayakTestingDataDriven@6107227e]" started-at="2024-04-27T13:12:07 IST" name="setUp" finished-at="2024-04-27T13:12:12 IST" duration-ms="5717" status="PASS">
          <reporter-output>
          </reporter-output>
        </test-method> <!-- setUp -->
        <test-method signature="kayakTest(java.lang.String,java.lang.String,java.lang.String)[pri:0, instance:testCase.KayakTestingDataDriven@6107227e]" started-at="2024-04-27T13:12:12 IST" name="kayakTest" data-provider="fnTestData" finished-at="2024-04-27T13:12:17 IST" duration-ms="4297" status="PASS">
          <params>
            <param index="0">
              <value>
                <![CDATA[Trichy]]>
              </value>
            </param>
            <param index="1">
              <value>
                <![CDATA[21 October, 2022]]>
              </value>
            </param>
            <param index="2">
              <value>
                <![CDATA[25 October, 2022]]>
              </value>
            </param>
          </params>
          <reporter-output>
          </reporter-output>
        </test-method> <!-- kayakTest -->
        <test-method is-config="true" signature="tearDown()[pri:0, instance:testCase.KayakTestingDataDriven@6107227e]" started-at="2024-04-27T13:12:17 IST" name="tearDown" finished-at="2024-04-27T13:12:17 IST" duration-ms="348" status="PASS">
          <reporter-output>
          </reporter-output>
        </test-method> <!-- tearDown -->
      </class> <!-- testCase.KayakTestingDataDriven -->
      <class name="testCase.TestNGAnnotationDemo">
        <test-method is-config="true" signature="beforeSuite()[pri:0, instance:testCase.TestNGAnnotationDemo@6b19b79]" started-at="2024-04-27T13:11:09 IST" name="beforeSuite" finished-at="2024-04-27T13:11:09 IST" duration-ms="23" status="PASS">
          <reporter-output>
          </reporter-output>
        </test-method> <!-- beforeSuite -->
        <test-method is-config="true" signature="beforeTest()[pri:0, instance:testCase.TestNGAnnotationDemo@6b19b79]" started-at="2024-04-27T13:11:09 IST" name="beforeTest" finished-at="2024-04-27T13:11:09 IST" duration-ms="0" status="PASS">
          <reporter-output>
          </reporter-output>
        </test-method> <!-- beforeTest -->
        <test-method is-config="true" signature="beforeClass()[pri:0, instance:testCase.TestNGAnnotationDemo@6b19b79]" started-at="2024-04-27T13:12:17 IST" name="beforeClass" finished-at="2024-04-27T13:12:17 IST" duration-ms="4" status="PASS">
          <reporter-output>
          </reporter-output>
        </test-method> <!-- beforeClass -->
        <test-method is-config="true" signature="beforeMethod()[pri:0, instance:testCase.TestNGAnnotationDemo@6b19b79]" started-at="2024-04-27T13:12:17 IST" name="beforeMethod" finished-at="2024-04-27T13:12:17 IST" duration-ms="3" status="PASS">
          <reporter-output>
          </reporter-output>
        </test-method> <!-- beforeMethod -->
        <test-method signature="testCase1()[pri:0, instance:testCase.TestNGAnnotationDemo@6b19b79]" started-at="2024-04-27T13:12:17 IST" name="testCase1" finished-at="2024-04-27T13:12:17 IST" duration-ms="2" status="PASS">
          <reporter-output>
          </reporter-output>
        </test-method> <!-- testCase1 -->
        <test-method is-config="true" signature="afterMethod()[pri:0, instance:testCase.TestNGAnnotationDemo@6b19b79]" started-at="2024-04-27T13:12:17 IST" name="afterMethod" finished-at="2024-04-27T13:12:17 IST" duration-ms="2" status="PASS">
          <reporter-output>
          </reporter-output>
        </test-method> <!-- afterMethod -->
        <test-method is-config="true" signature="afterClass()[pri:0, instance:testCase.TestNGAnnotationDemo@6b19b79]" started-at="2024-04-27T13:12:17 IST" name="afterClass" finished-at="2024-04-27T13:12:17 IST" duration-ms="5" status="PASS">
          <reporter-output>
          </reporter-output>
        </test-method> <!-- afterClass -->
        <test-method is-config="true" signature="afterTest()[pri:0, instance:testCase.TestNGAnnotationDemo@6b19b79]" started-at="2024-04-27T13:12:17 IST" name="afterTest" finished-at="2024-04-27T13:12:17 IST" duration-ms="5" status="PASS">
          <reporter-output>
          </reporter-output>
        </test-method> <!-- afterTest -->
        <test-method is-config="true" signature="afterSuite()[pri:0, instance:testCase.TestNGAnnotationDemo@6b19b79]" started-at="2024-04-27T13:12:18 IST" name="afterSuite" finished-at="2024-04-27T13:12:18 IST" duration-ms="1" status="PASS">
          <reporter-output>
          </reporter-output>
        </test-method> <!-- afterSuite -->
      </class> <!-- testCase.TestNGAnnotationDemo -->
    </test> <!-- Functional Test -->
  </suite> <!-- Functional Test Suite -->
</testng-results>
