<?xml version="1.0" encoding="UTF-8"?>
<testsuite xmlns:xsi="http://www.w3.org/2001/XMLSchema-instance" xsi:noNamespaceSchemaLocation="https://maven.apache.org/surefire/maven-surefire-plugin/xsd/surefire-test-report.xsd" name="TestSuite" time="106.547" tests="19" errors="0" skipped="10" failures="2">
  <properties>
[...]
</properties>
  <testcase name="loginCheckTestMMT" classname="smokeTests.SmokeTest_MMT" time="24.28"/>
  <testcase name="loginCheckTestKayak" classname="smokeTests.SmokeTest_Kayak" time="25.114"/>
  <testcase name="loginCheckTestTrivago" classname="smokeTests.SmokeTest_Trivago" time="0">
    <skipped message="Title asertion check expected [Book Flights, Hotels, Holidays, Bus &amp; Train Tickets - EaseMyTrip.com] but found [trivago.in - Compare hotel prices worldwide]"/>
    <system-out><![CDATA[Page title is Book Flights, Hotels, Holidays, Bus & Train Tickets - EaseMyTrip.com
Page title is Book Flights, Hotels, Holidays, Bus & Train Tickets - EaseMyTrip.com
]]></system-out>
  </testcase>
  <testcase name="loginCheckTestTrivago" classname="smokeTests.SmokeTest_Trivago" time="3.653"/>
  <testcase name="loginCheckTestEMT" classname="smokeTests.SmokeTest_EaseMyTrip" time="0">
    <skipped message="Title asertion check expected [Book Flights, Hotels, Holidays, Bus &amp; Train Tickets - EaseMyTrip.com] but found [Book Flights, Hotels, Holidays, Bus &amp; Train Tickets - EaseMyTrip.com***]"/>
  </testcase>
  <testcase name="loginCheckTestEMT" classname="smokeTests.SmokeTest_EaseMyTrip" time="0">
    <skipped message="invalid session id&#10;Build info: version: &apos;4.18.1&apos;, revision: &apos;b1d3319b48&apos;&#10;System info: os.name: &apos;Mac OS X&apos;, os.arch: &apos;x86_64&apos;, os.version: &apos;11.6.5&apos;, java.version: &apos;22.0.1&apos;&#10;Driver info: org.openqa.selenium.chrome.ChromeDriver&#10;Command: [17c1c19cca4af90f70b23ce7848503f8, get {url=https://www.easemytrip.com}]&#10;Capabilities {acceptInsecureCerts: false, browserName: chrome, browserVersion: 124.0.6367.209, chrome: {chromedriverVersion: 124.0.6367.207 (a9001a6e39f..., userDataDir: /var/folders/tv/ys9fvp5575v...}, fedcm:accounts: true, goog:chromeOptions: {debuggerAddress: localhost:59341}, networkConnectionEnabled: false, pageLoadStrategy: normal, platformName: mac, proxy: Proxy(), se:cdp: ws://localhost:59341/devtoo..., se:cdpVersion: 124.0.6367.209, setWindowRect: true, strictFileInteractability: false, timeouts: {implicit: 0, pageLoad: 300000, script: 30000}, unhandledPromptBehavior: dismiss and notify, webauthn:extension:credBlob: true, webauthn:extension:largeBlob: true, webauthn:extension:minPinLength: true, webauthn:extension:prf: true, webauthn:virtualAuthenticators: true}&#10;Session ID: 17c1c19cca4af90f70b23ce7848503f8"/>
    <system-out><![CDATA[ ***** Thread ID Is : 24
EMT - smoke
]]></system-out>
  </testcase>
  <testcase name="loginCheckTestEMT" classname="smokeTests.SmokeTest_EaseMyTrip" time="0">
    <skipped message="invalid session id&#10;Build info: version: &apos;4.18.1&apos;, revision: &apos;b1d3319b48&apos;&#10;System info: os.name: &apos;Mac OS X&apos;, os.arch: &apos;x86_64&apos;, os.version: &apos;11.6.5&apos;, java.version: &apos;22.0.1&apos;&#10;Driver info: org.openqa.selenium.chrome.ChromeDriver&#10;Command: [17c1c19cca4af90f70b23ce7848503f8, get {url=https://www.easemytrip.com}]&#10;Capabilities {acceptInsecureCerts: false, browserName: chrome, browserVersion: 124.0.6367.209, chrome: {chromedriverVersion: 124.0.6367.207 (a9001a6e39f..., userDataDir: /var/folders/tv/ys9fvp5575v...}, fedcm:accounts: true, goog:chromeOptions: {debuggerAddress: localhost:59341}, networkConnectionEnabled: false, pageLoadStrategy: normal, platformName: mac, proxy: Proxy(), se:cdp: ws://localhost:59341/devtoo..., se:cdpVersion: 124.0.6367.209, setWindowRect: true, strictFileInteractability: false, timeouts: {implicit: 0, pageLoad: 300000, script: 30000}, unhandledPromptBehavior: dismiss and notify, webauthn:extension:credBlob: true, webauthn:extension:largeBlob: true, webauthn:extension:minPinLength: true, webauthn:extension:prf: true, webauthn:virtualAuthenticators: true}&#10;Session ID: 17c1c19cca4af90f70b23ce7848503f8"/>
    <system-out><![CDATA[ ***** Thread ID Is : 24
EMT - smoke
]]></system-out>
  </testcase>
  <testcase name="loginCheckTestEMT" classname="smokeTests.SmokeTest_EaseMyTrip" time="0.029">
    <failure message="invalid session id&#10;Build info: version: &apos;4.18.1&apos;, revision: &apos;b1d3319b48&apos;&#10;System info: os.name: &apos;Mac OS X&apos;, os.arch: &apos;x86_64&apos;, os.version: &apos;11.6.5&apos;, java.version: &apos;22.0.1&apos;&#10;Driver info: org.openqa.selenium.chrome.ChromeDriver&#10;Command: [17c1c19cca4af90f70b23ce7848503f8, get {url=https://www.easemytrip.com}]&#10;Capabilities {acceptInsecureCerts: false, browserName: chrome, browserVersion: 124.0.6367.209, chrome: {chromedriverVersion: 124.0.6367.207 (a9001a6e39f..., userDataDir: /var/folders/tv/ys9fvp5575v...}, fedcm:accounts: true, goog:chromeOptions: {debuggerAddress: localhost:59341}, networkConnectionEnabled: false, pageLoadStrategy: normal, platformName: mac, proxy: Proxy(), se:cdp: ws://localhost:59341/devtoo..., se:cdpVersion: 124.0.6367.209, setWindowRect: true, strictFileInteractability: false, timeouts: {implicit: 0, pageLoad: 300000, script: 30000}, unhandledPromptBehavior: dismiss and notify, webauthn:extension:credBlob: true, webauthn:extension:largeBlob: true, webauthn:extension:minPinLength: true, webauthn:extension:prf: true, webauthn:virtualAuthenticators: true}&#10;Session ID: 17c1c19cca4af90f70b23ce7848503f8" type="org.openqa.selenium.NoSuchSessionException">org.openqa.selenium.NoSuchSessionException: 
invalid session id
Build info: version: '4.18.1', revision: 'b1d3319b48'
System info: os.name: 'Mac OS X', os.arch: 'x86_64', os.version: '11.6.5', java.version: '22.0.1'
Driver info: org.openqa.selenium.chrome.ChromeDriver
Command: [17c1c19cca4af90f70b23ce7848503f8, get {url=https://www.easemytrip.com}]
Capabilities {acceptInsecureCerts: false, browserName: chrome, browserVersion: 124.0.6367.209, chrome: {chromedriverVersion: 124.0.6367.207 (a9001a6e39f..., userDataDir: /var/folders/tv/ys9fvp5575v...}, fedcm:accounts: true, goog:chromeOptions: {debuggerAddress: localhost:59341}, networkConnectionEnabled: false, pageLoadStrategy: normal, platformName: mac, proxy: Proxy(), se:cdp: ws://localhost:59341/devtoo..., se:cdpVersion: 124.0.6367.209, setWindowRect: true, strictFileInteractability: false, timeouts: {implicit: 0, pageLoad: 300000, script: 30000}, unhandledPromptBehavior: dismiss and notify, webauthn:extension:credBlob: true, webauthn:extension:largeBlob: true, webauthn:extension:minPinLength: true, webauthn:extension:prf: true, webauthn:virtualAuthenticators: true}
Session ID: 17c1c19cca4af90f70b23ce7848503f8
	at smokeTests.SmokeTest_EaseMyTrip.loginCheckTestEMT(SmokeTest_EaseMyTrip.java:22)
</failure>
    <system-out><![CDATA[ ***** Thread ID Is : 24
EMT - smoke
]]></system-out>
  </testcase>
  <testcase name="tearDown" classname="smokeTests.SmokeTest_EaseMyTrip" time="31.362">
    <failure message="invalid session id&#10;Build info: version: &apos;4.18.1&apos;, revision: &apos;b1d3319b48&apos;&#10;System info: os.name: &apos;Mac OS X&apos;, os.arch: &apos;x86_64&apos;, os.version: &apos;11.6.5&apos;, java.version: &apos;22.0.1&apos;&#10;Driver info: org.openqa.selenium.chrome.ChromeDriver&#10;Command: [17c1c19cca4af90f70b23ce7848503f8, close {}]&#10;Capabilities {acceptInsecureCerts: false, browserName: chrome, browserVersion: 124.0.6367.209, chrome: {chromedriverVersion: 124.0.6367.207 (a9001a6e39f..., userDataDir: /var/folders/tv/ys9fvp5575v...}, fedcm:accounts: true, goog:chromeOptions: {debuggerAddress: localhost:59341}, networkConnectionEnabled: false, pageLoadStrategy: normal, platformName: mac, proxy: Proxy(), se:cdp: ws://localhost:59341/devtoo..., se:cdpVersion: 124.0.6367.209, setWindowRect: true, strictFileInteractability: false, timeouts: {implicit: 0, pageLoad: 300000, script: 30000}, unhandledPromptBehavior: dismiss and notify, webauthn:extension:credBlob: true, webauthn:extension:largeBlob: true, webauthn:extension:minPinLength: true, webauthn:extension:prf: true, webauthn:virtualAuthenticators: true}&#10;Session ID: 17c1c19cca4af90f70b23ce7848503f8" type="org.openqa.selenium.NoSuchSessionException">org.openqa.selenium.NoSuchSessionException: 
invalid session id
Build info: version: '4.18.1', revision: 'b1d3319b48'
System info: os.name: 'Mac OS X', os.arch: 'x86_64', os.version: '11.6.5', java.version: '22.0.1'
Driver info: org.openqa.selenium.chrome.ChromeDriver
Command: [17c1c19cca4af90f70b23ce7848503f8, close {}]
Capabilities {acceptInsecureCerts: false, browserName: chrome, browserVersion: 124.0.6367.209, chrome: {chromedriverVersion: 124.0.6367.207 (a9001a6e39f..., userDataDir: /var/folders/tv/ys9fvp5575v...}, fedcm:accounts: true, goog:chromeOptions: {debuggerAddress: localhost:59341}, networkConnectionEnabled: false, pageLoadStrategy: normal, platformName: mac, proxy: Proxy(), se:cdp: ws://localhost:59341/devtoo..., se:cdpVersion: 124.0.6367.209, setWindowRect: true, strictFileInteractability: false, timeouts: {implicit: 0, pageLoad: 300000, script: 30000}, unhandledPromptBehavior: dismiss and notify, webauthn:extension:credBlob: true, webauthn:extension:largeBlob: true, webauthn:extension:minPinLength: true, webauthn:extension:prf: true, webauthn:virtualAuthenticators: true}
Session ID: 17c1c19cca4af90f70b23ce7848503f8
</failure>
  </testcase>
  <testcase name="tearDown" classname="smokeTests.SmokeTest_EaseMyTrip" time="0">
    <skipped/>
  </testcase>
  <testcase name="tearDown" classname="smokeTests.SmokeTest_EaseMyTrip" time="0">
    <skipped/>
  </testcase>
  <testcase name="tearDown" classname="smokeTests.SmokeTest_EaseMyTrip" time="0">
    <skipped/>
  </testcase>
  <testcase name="setUp" classname="smokeTests.SmokeTest_EaseMyTrip" time="0">
    <skipped/>
  </testcase>
  <testcase name="setUp" classname="smokeTests.SmokeTest_EaseMyTrip" time="0">
    <skipped/>
  </testcase>
  <testcase name="setUp" classname="smokeTests.SmokeTest_EaseMyTrip" time="0">
    <skipped/>
  </testcase>
  <testcase name="kayakTest" classname="testCase.KayakTestingDataDriven" time="6.689"/>
  <testcase name="kayakTest" classname="testCase.KayakTestingDataDriven" time="6.078"/>
  <testcase name="kayakTest" classname="testCase.KayakTestingDataDriven" time="5.757"/>
  <testcase name="testCase1" classname="testCase.AnnotationDemo_TestNG" time="0.005"/>
</testsuite>