<?xml version="1.0" encoding="UTF-8"?>
<!-- Generated by org.testng.reporters.JUnitReportReporter -->
<testsuite hostname="Pankajs-MacBook-Air.local" failures="0" tests="1" name="smokeTests.SmokeTest_Trivago" time="18.092" errors="0" timestamp="2024-05-04T07:43:17 IST" skipped="0">
  <testcase classname="smokeTests.SmokeTest_Trivago" name="loginCheckTestTrivago" time="18.092"/>
  <system-out>
    <![CDATA[Trivago
Page title is trivago.in - Compare hotel prices worldwide]]>
  </system-out>
</testsuite> <!-- smokeTests.SmokeTest_Trivago -->
