<?xml version="1.0" encoding="UTF-8"?>
<!-- Generated by org.testng.reporters.JUnitXMLReporter -->
<testsuite ignored="0" hostname="Pankajs-MacBook-Air.local" failures="0" tests="4" name="Functional Test" time="68.19" errors="0" timestamp="2024-04-27T13:12:17 IST">
  <testcase classname="testCase.KayakTestingDataDriven" name="kayakTest" time="18.463"/>
  <testcase classname="testCase.KayakTestingDataDriven" name="kayakTest" time="12.69"/>
  <testcase classname="testCase.KayakTestingDataDriven" name="kayakTest" time="4.297"/>
  <testcase classname="testCase.TestNGAnnotationDemo" name="testCase1" time="0.002"/>
</testsuite> <!-- Functional Test -->
